Terminals which are not used

   COLON
   COMMA
   DOT
   LBRAC
   RBRAC
   SEMIC
   RESERVED


Grammar

    0 $accept: Program $end

    1 Program: ProgHeading ';' ProgBlock '.'

    2 ProgHeading: PROGRAM ID '(' OUTPUT ')'

    3 ProgBlock: VarPart FuncPart StatPart

    4 VarPart: VAR VarDeclaration ';' VarPart2
    5        | /* empty */

    6 VarPart2: VarDeclaration ';' VarPart2
    7         | /* empty */

    8 VarDeclaration: IDList ':' ID

    9 IDList: ID IDList2

   10 IDList2: ',' ID IDList2
   11        | /* empty */

   12 FuncPart: FuncPart FuncDeclaration ';'
   13         | /* empty */

   14 FuncDeclaration: FuncHeading ';' FORWARD
   15                | FuncIdent ';' FuncBlock
   16                | FuncHeading ';' FuncBlock

   17 FuncHeading: FUNCTION ID ':' ID
   18            | FUNCTION ID FormalParamList ':' ID

   19 FuncIdent: FUNCTION ID

   20 FormalParamList: '(' FormalParams FormalParamListaux ')'

   21 FormalParamListaux: ';' FormalParams FormalParamListaux
   22                   | /* empty */

   23 FormalParams: IDList ':' ID
   24             | VAR IDList ':' ID

   25 FuncBlock: VarPart StatPart

   26 StatPart: CompStat

   27 CompStat: BEG StatList END

   28 StatList: Stat Stat2

   29 Stat2: ';' Stat Stat2
   30      | /* empty */

   31 Stat: CompStat
   32     | IF Expr THEN Stat
   33     | IF Expr THEN Stat ELSE Stat
   34     | WHILE Expr DO Stat
   35     | REPEAT StatList UNTIL Expr
   36     | VAL '(' PARAMSTR '(' Expr ')' ',' ID ')'
   37     | optStat2
   38     | WRITELN
   39     | WRITELN WritelnPList

   40 optStat2: ID ASSIGN Expr
   41         | /* empty */

   42 WritelnPList: '(' optWritelnPList WritelnPList2 ')'

   43 optWritelnPList: Expr
   44                | STRING

   45 WritelnPList2: ',' optWritelnPList WritelnPList2
   46              | /* empty */

   47 Expr: Expr AND Expr
   48     | Expr OR Expr
   49     | Expr OP2 Expr
   50     | Expr OP3 Expr
   51     | Expr OP4 Expr
   52     | OP3 Expr
   53     | NOT Expr
   54     | '(' Expr ')'
   55     | INTLIT
   56     | REALLIT
   57     | ID ParamList
   58     | ID

   59 ParamList: '(' Expr repParamList ')'

   60 repParamList: ',' Expr repParamList
   61             | /* empty */


Terminals, with rules where they appear

$end (0) 0
'(' (40) 2 20 36 42 54 59
')' (41) 2 20 36 42 54 59
',' (44) 10 36 45 60
'.' (46) 1
':' (58) 8 17 18 23 24
';' (59) 1 4 6 12 14 15 16 21 29
error (256)
OR (258) 48
OP3 (259) 50 52
AND (260) 47
OP4 (261) 51
NOT (262) 53
BEG (263) 27
ASSIGN (264) 40
COLON (265)
COMMA (266)
DO (267) 34
DOT (268)
END (269) 27
ELSE (270) 33
FORWARD (271) 14
FUNCTION (272) 17 18 19
IF (273) 32 33
LBRAC (274)
OUTPUT (275) 2
PARAMSTR (276) 36
PROGRAM (277) 2
RBRAC (278)
REPEAT (279) 35
SEMIC (280)
THEN (281) 32 33
UNTIL (282) 35
VAL (283) 36
VAR (284) 4 24
WHILE (285) 34
WRITELN (286) 38 39
OP2 (287) 49
RESERVED (288)
ID (289) 2 8 9 10 17 18 19 23 24 36 40 57 58
INTLIT (290) 55
REALLIT (291) 56
STRING (292) 44


Nonterminals, with rules where they appear

$accept (44)
    on left: 0
Program (45)
    on left: 1, on right: 0
ProgHeading (46)
    on left: 2, on right: 1
ProgBlock (47)
    on left: 3, on right: 1
VarPart (48)
    on left: 4 5, on right: 3 25
VarPart2 (49)
    on left: 6 7, on right: 4 6
VarDeclaration (50)
    on left: 8, on right: 4 6
IDList (51)
    on left: 9, on right: 8 23 24
IDList2 (52)
    on left: 10 11, on right: 9 10
FuncPart (53)
    on left: 12 13, on right: 3 12
FuncDeclaration (54)
    on left: 14 15 16, on right: 12
FuncHeading (55)
    on left: 17 18, on right: 14 16
FuncIdent (56)
    on left: 19, on right: 15
FormalParamList (57)
    on left: 20, on right: 18
FormalParamListaux (58)
    on left: 21 22, on right: 20 21
FormalParams (59)
    on left: 23 24, on right: 20 21
FuncBlock (60)
    on left: 25, on right: 15 16
StatPart (61)
    on left: 26, on right: 3 25
CompStat (62)
    on left: 27, on right: 26 31
StatList (63)
    on left: 28, on right: 27 35
Stat2 (64)
    on left: 29 30, on right: 28 29
Stat (65)
    on left: 31 32 33 34 35 36 37 38 39, on right: 28 29 32 33 34
optStat2 (66)
    on left: 40 41, on right: 37
WritelnPList (67)
    on left: 42, on right: 39
optWritelnPList (68)
    on left: 43 44, on right: 42 45
WritelnPList2 (69)
    on left: 45 46, on right: 42 45
Expr (70)
    on left: 47 48 49 50 51 52 53 54 55 56 57 58, on right: 32 33 34
    35 36 40 43 47 48 49 50 51 52 53 54 59 60
ParamList (71)
    on left: 59, on right: 57
repParamList (72)
    on left: 60 61, on right: 59 60


state 0

    0 $accept: . Program $end

    PROGRAM  shift, and go to state 1

    Program      go to state 2
    ProgHeading  go to state 3


state 1

    2 ProgHeading: PROGRAM . ID '(' OUTPUT ')'

    ID  shift, and go to state 4


state 2

    0 $accept: Program . $end

    $end  shift, and go to state 5


state 3

    1 Program: ProgHeading . ';' ProgBlock '.'

    ';'  shift, and go to state 6


state 4

    2 ProgHeading: PROGRAM ID . '(' OUTPUT ')'

    '('  shift, and go to state 7


state 5

    0 $accept: Program $end .

    $default  accept


state 6

    1 Program: ProgHeading ';' . ProgBlock '.'

    VAR  shift, and go to state 8

    $default  reduce using rule 5 (VarPart)

    ProgBlock  go to state 9
    VarPart    go to state 10


state 7

    2 ProgHeading: PROGRAM ID '(' . OUTPUT ')'

    OUTPUT  shift, and go to state 11


state 8

    4 VarPart: VAR . VarDeclaration ';' VarPart2

    ID  shift, and go to state 12

    VarDeclaration  go to state 13
    IDList          go to state 14


state 9

    1 Program: ProgHeading ';' ProgBlock . '.'

    '.'  shift, and go to state 15


state 10

    3 ProgBlock: VarPart . FuncPart StatPart

    $default  reduce using rule 13 (FuncPart)

    FuncPart  go to state 16


state 11

    2 ProgHeading: PROGRAM ID '(' OUTPUT . ')'

    ')'  shift, and go to state 17


state 12

    9 IDList: ID . IDList2

    ','  shift, and go to state 18

    $default  reduce using rule 11 (IDList2)

    IDList2  go to state 19


state 13

    4 VarPart: VAR VarDeclaration . ';' VarPart2

    ';'  shift, and go to state 20


state 14

    8 VarDeclaration: IDList . ':' ID

    ':'  shift, and go to state 21


state 15

    1 Program: ProgHeading ';' ProgBlock '.' .

    $default  reduce using rule 1 (Program)


state 16

    3 ProgBlock: VarPart FuncPart . StatPart
   12 FuncPart: FuncPart . FuncDeclaration ';'

    BEG       shift, and go to state 22
    FUNCTION  shift, and go to state 23

    FuncDeclaration  go to state 24
    FuncHeading      go to state 25
    FuncIdent        go to state 26
    StatPart         go to state 27
    CompStat         go to state 28


state 17

    2 ProgHeading: PROGRAM ID '(' OUTPUT ')' .

    $default  reduce using rule 2 (ProgHeading)


state 18

   10 IDList2: ',' . ID IDList2

    ID  shift, and go to state 29


state 19

    9 IDList: ID IDList2 .

    $default  reduce using rule 9 (IDList)


state 20

    4 VarPart: VAR VarDeclaration ';' . VarPart2

    ID  shift, and go to state 12

    $default  reduce using rule 7 (VarPart2)

    VarPart2        go to state 30
    VarDeclaration  go to state 31
    IDList          go to state 14


state 21

    8 VarDeclaration: IDList ':' . ID

    ID  shift, and go to state 32


state 22

   27 CompStat: BEG . StatList END

    BEG      shift, and go to state 22
    IF       shift, and go to state 33
    REPEAT   shift, and go to state 34
    VAL      shift, and go to state 35
    WHILE    shift, and go to state 36
    WRITELN  shift, and go to state 37
    ID       shift, and go to state 38

    $default  reduce using rule 41 (optStat2)

    CompStat  go to state 39
    StatList  go to state 40
    Stat      go to state 41
    optStat2  go to state 42


state 23

   17 FuncHeading: FUNCTION . ID ':' ID
   18            | FUNCTION . ID FormalParamList ':' ID
   19 FuncIdent: FUNCTION . ID

    ID  shift, and go to state 43


state 24

   12 FuncPart: FuncPart FuncDeclaration . ';'

    ';'  shift, and go to state 44


state 25

   14 FuncDeclaration: FuncHeading . ';' FORWARD
   16                | FuncHeading . ';' FuncBlock

    ';'  shift, and go to state 45


state 26

   15 FuncDeclaration: FuncIdent . ';' FuncBlock

    ';'  shift, and go to state 46


state 27

    3 ProgBlock: VarPart FuncPart StatPart .

    $default  reduce using rule 3 (ProgBlock)


state 28

   26 StatPart: CompStat .

    $default  reduce using rule 26 (StatPart)


state 29

   10 IDList2: ',' ID . IDList2

    ','  shift, and go to state 18

    $default  reduce using rule 11 (IDList2)

    IDList2  go to state 47


state 30

    4 VarPart: VAR VarDeclaration ';' VarPart2 .

    $default  reduce using rule 4 (VarPart)


state 31

    6 VarPart2: VarDeclaration . ';' VarPart2

    ';'  shift, and go to state 48


state 32

    8 VarDeclaration: IDList ':' ID .

    $default  reduce using rule 8 (VarDeclaration)


state 33

   32 Stat: IF . Expr THEN Stat
   33     | IF . Expr THEN Stat ELSE Stat

    OP3      shift, and go to state 49
    NOT      shift, and go to state 50
    ID       shift, and go to state 51
    INTLIT   shift, and go to state 52
    REALLIT  shift, and go to state 53
    '('      shift, and go to state 54

    Expr  go to state 55


state 34

   35 Stat: REPEAT . StatList UNTIL Expr

    BEG      shift, and go to state 22
    IF       shift, and go to state 33
    REPEAT   shift, and go to state 34
    VAL      shift, and go to state 35
    WHILE    shift, and go to state 36
    WRITELN  shift, and go to state 37
    ID       shift, and go to state 38

    $default  reduce using rule 41 (optStat2)

    CompStat  go to state 39
    StatList  go to state 56
    Stat      go to state 41
    optStat2  go to state 42


state 35

   36 Stat: VAL . '(' PARAMSTR '(' Expr ')' ',' ID ')'

    '('  shift, and go to state 57


state 36

   34 Stat: WHILE . Expr DO Stat

    OP3      shift, and go to state 49
    NOT      shift, and go to state 50
    ID       shift, and go to state 51
    INTLIT   shift, and go to state 52
    REALLIT  shift, and go to state 53
    '('      shift, and go to state 54

    Expr  go to state 58


state 37

   38 Stat: WRITELN .
   39     | WRITELN . WritelnPList

    '('  shift, and go to state 59

    $default  reduce using rule 38 (Stat)

    WritelnPList  go to state 60


state 38

   40 optStat2: ID . ASSIGN Expr

    ASSIGN  shift, and go to state 61


state 39

   31 Stat: CompStat .

    $default  reduce using rule 31 (Stat)


state 40

   27 CompStat: BEG StatList . END

    END  shift, and go to state 62


state 41

   28 StatList: Stat . Stat2

    ';'  shift, and go to state 63

    $default  reduce using rule 30 (Stat2)

    Stat2  go to state 64


state 42

   37 Stat: optStat2 .

    $default  reduce using rule 37 (Stat)


state 43

   17 FuncHeading: FUNCTION ID . ':' ID
   18            | FUNCTION ID . FormalParamList ':' ID
   19 FuncIdent: FUNCTION ID .

    '('  shift, and go to state 65
    ':'  shift, and go to state 66

    $default  reduce using rule 19 (FuncIdent)

    FormalParamList  go to state 67


state 44

   12 FuncPart: FuncPart FuncDeclaration ';' .

    $default  reduce using rule 12 (FuncPart)


state 45

   14 FuncDeclaration: FuncHeading ';' . FORWARD
   16                | FuncHeading ';' . FuncBlock

    FORWARD  shift, and go to state 68
    VAR      shift, and go to state 8

    $default  reduce using rule 5 (VarPart)

    VarPart    go to state 69
    FuncBlock  go to state 70


state 46

   15 FuncDeclaration: FuncIdent ';' . FuncBlock

    VAR  shift, and go to state 8

    $default  reduce using rule 5 (VarPart)

    VarPart    go to state 69
    FuncBlock  go to state 71


state 47

   10 IDList2: ',' ID IDList2 .

    $default  reduce using rule 10 (IDList2)


state 48

    6 VarPart2: VarDeclaration ';' . VarPart2

    ID  shift, and go to state 12

    $default  reduce using rule 7 (VarPart2)

    VarPart2        go to state 72
    VarDeclaration  go to state 31
    IDList          go to state 14


state 49

   52 Expr: OP3 . Expr

    OP3      shift, and go to state 49
    NOT      shift, and go to state 50
    ID       shift, and go to state 51
    INTLIT   shift, and go to state 52
    REALLIT  shift, and go to state 53
    '('      shift, and go to state 54

    Expr  go to state 73


state 50

   53 Expr: NOT . Expr

    OP3      shift, and go to state 49
    NOT      shift, and go to state 50
    ID       shift, and go to state 51
    INTLIT   shift, and go to state 52
    REALLIT  shift, and go to state 53
    '('      shift, and go to state 54

    Expr  go to state 74


state 51

   57 Expr: ID . ParamList
   58     | ID .

    '('  shift, and go to state 75

    $default  reduce using rule 58 (Expr)

    ParamList  go to state 76


state 52

   55 Expr: INTLIT .

    $default  reduce using rule 55 (Expr)


state 53

   56 Expr: REALLIT .

    $default  reduce using rule 56 (Expr)


state 54

   54 Expr: '(' . Expr ')'

    OP3      shift, and go to state 49
    NOT      shift, and go to state 50
    ID       shift, and go to state 51
    INTLIT   shift, and go to state 52
    REALLIT  shift, and go to state 53
    '('      shift, and go to state 54

    Expr  go to state 77


state 55

   32 Stat: IF Expr . THEN Stat
   33     | IF Expr . THEN Stat ELSE Stat
   47 Expr: Expr . AND Expr
   48     | Expr . OR Expr
   49     | Expr . OP2 Expr
   50     | Expr . OP3 Expr
   51     | Expr . OP4 Expr

    OR    shift, and go to state 78
    OP3   shift, and go to state 79
    AND   shift, and go to state 80
    OP4   shift, and go to state 81
    THEN  shift, and go to state 82
    OP2   shift, and go to state 83


state 56

   35 Stat: REPEAT StatList . UNTIL Expr

    UNTIL  shift, and go to state 84


state 57

   36 Stat: VAL '(' . PARAMSTR '(' Expr ')' ',' ID ')'

    PARAMSTR  shift, and go to state 85


state 58

   34 Stat: WHILE Expr . DO Stat
   47 Expr: Expr . AND Expr
   48     | Expr . OR Expr
   49     | Expr . OP2 Expr
   50     | Expr . OP3 Expr
   51     | Expr . OP4 Expr

    OR   shift, and go to state 78
    OP3  shift, and go to state 79
    AND  shift, and go to state 80
    OP4  shift, and go to state 81
    DO   shift, and go to state 86
    OP2  shift, and go to state 83


state 59

   42 WritelnPList: '(' . optWritelnPList WritelnPList2 ')'

    OP3      shift, and go to state 49
    NOT      shift, and go to state 50
    ID       shift, and go to state 51
    INTLIT   shift, and go to state 52
    REALLIT  shift, and go to state 53
    STRING   shift, and go to state 87
    '('      shift, and go to state 54

    optWritelnPList  go to state 88
    Expr             go to state 89


state 60

   39 Stat: WRITELN WritelnPList .

    $default  reduce using rule 39 (Stat)


state 61

   40 optStat2: ID ASSIGN . Expr

    OP3      shift, and go to state 49
    NOT      shift, and go to state 50
    ID       shift, and go to state 51
    INTLIT   shift, and go to state 52
    REALLIT  shift, and go to state 53
    '('      shift, and go to state 54

    Expr  go to state 90


state 62

   27 CompStat: BEG StatList END .

    $default  reduce using rule 27 (CompStat)


state 63

   29 Stat2: ';' . Stat Stat2

    BEG      shift, and go to state 22
    IF       shift, and go to state 33
    REPEAT   shift, and go to state 34
    VAL      shift, and go to state 35
    WHILE    shift, and go to state 36
    WRITELN  shift, and go to state 37
    ID       shift, and go to state 38

    $default  reduce using rule 41 (optStat2)

    CompStat  go to state 39
    Stat      go to state 91
    optStat2  go to state 42


state 64

   28 StatList: Stat Stat2 .

    $default  reduce using rule 28 (StatList)


state 65

   20 FormalParamList: '(' . FormalParams FormalParamListaux ')'

    VAR  shift, and go to state 92
    ID   shift, and go to state 12

    IDList        go to state 93
    FormalParams  go to state 94


state 66

   17 FuncHeading: FUNCTION ID ':' . ID

    ID  shift, and go to state 95


state 67

   18 FuncHeading: FUNCTION ID FormalParamList . ':' ID

    ':'  shift, and go to state 96


state 68

   14 FuncDeclaration: FuncHeading ';' FORWARD .

    $default  reduce using rule 14 (FuncDeclaration)


state 69

   25 FuncBlock: VarPart . StatPart

    BEG  shift, and go to state 22

    StatPart  go to state 97
    CompStat  go to state 28


state 70

   16 FuncDeclaration: FuncHeading ';' FuncBlock .

    $default  reduce using rule 16 (FuncDeclaration)


state 71

   15 FuncDeclaration: FuncIdent ';' FuncBlock .

    $default  reduce using rule 15 (FuncDeclaration)


state 72

    6 VarPart2: VarDeclaration ';' VarPart2 .

    $default  reduce using rule 6 (VarPart2)


state 73

   47 Expr: Expr . AND Expr
   48     | Expr . OR Expr
   49     | Expr . OP2 Expr
   50     | Expr . OP3 Expr
   51     | Expr . OP4 Expr
   52     | OP3 Expr .

    AND  shift, and go to state 80
    OP4  shift, and go to state 81
    OP2  shift, and go to state 83

    $default  reduce using rule 52 (Expr)


state 74

   47 Expr: Expr . AND Expr
   48     | Expr . OR Expr
   49     | Expr . OP2 Expr
   50     | Expr . OP3 Expr
   51     | Expr . OP4 Expr
   53     | NOT Expr .

    OP2  shift, and go to state 83

    $default  reduce using rule 53 (Expr)


state 75

   59 ParamList: '(' . Expr repParamList ')'

    OP3      shift, and go to state 49
    NOT      shift, and go to state 50
    ID       shift, and go to state 51
    INTLIT   shift, and go to state 52
    REALLIT  shift, and go to state 53
    '('      shift, and go to state 54

    Expr  go to state 98


state 76

   57 Expr: ID ParamList .

    $default  reduce using rule 57 (Expr)


state 77

   47 Expr: Expr . AND Expr
   48     | Expr . OR Expr
   49     | Expr . OP2 Expr
   50     | Expr . OP3 Expr
   51     | Expr . OP4 Expr
   54     | '(' Expr . ')'

    OR   shift, and go to state 78
    OP3  shift, and go to state 79
    AND  shift, and go to state 80
    OP4  shift, and go to state 81
    OP2  shift, and go to state 83
    ')'  shift, and go to state 99


state 78

   48 Expr: Expr OR . Expr

    OP3      shift, and go to state 49
    NOT      shift, and go to state 50
    ID       shift, and go to state 51
    INTLIT   shift, and go to state 52
    REALLIT  shift, and go to state 53
    '('      shift, and go to state 54

    Expr  go to state 100


state 79

   50 Expr: Expr OP3 . Expr

    OP3      shift, and go to state 49
    NOT      shift, and go to state 50
    ID       shift, and go to state 51
    INTLIT   shift, and go to state 52
    REALLIT  shift, and go to state 53
    '('      shift, and go to state 54

    Expr  go to state 101


state 80

   47 Expr: Expr AND . Expr

    OP3      shift, and go to state 49
    NOT      shift, and go to state 50
    ID       shift, and go to state 51
    INTLIT   shift, and go to state 52
    REALLIT  shift, and go to state 53
    '('      shift, and go to state 54

    Expr  go to state 102


state 81

   51 Expr: Expr OP4 . Expr

    OP3      shift, and go to state 49
    NOT      shift, and go to state 50
    ID       shift, and go to state 51
    INTLIT   shift, and go to state 52
    REALLIT  shift, and go to state 53
    '('      shift, and go to state 54

    Expr  go to state 103


state 82

   32 Stat: IF Expr THEN . Stat
   33     | IF Expr THEN . Stat ELSE Stat

    BEG      shift, and go to state 22
    IF       shift, and go to state 33
    REPEAT   shift, and go to state 34
    VAL      shift, and go to state 35
    WHILE    shift, and go to state 36
    WRITELN  shift, and go to state 37
    ID       shift, and go to state 38

    $default  reduce using rule 41 (optStat2)

    CompStat  go to state 39
    Stat      go to state 104
    optStat2  go to state 42


state 83

   49 Expr: Expr OP2 . Expr

    OP3      shift, and go to state 49
    NOT      shift, and go to state 50
    ID       shift, and go to state 51
    INTLIT   shift, and go to state 52
    REALLIT  shift, and go to state 53
    '('      shift, and go to state 54

    Expr  go to state 105


state 84

   35 Stat: REPEAT StatList UNTIL . Expr

    OP3      shift, and go to state 49
    NOT      shift, and go to state 50
    ID       shift, and go to state 51
    INTLIT   shift, and go to state 52
    REALLIT  shift, and go to state 53
    '('      shift, and go to state 54

    Expr  go to state 106


state 85

   36 Stat: VAL '(' PARAMSTR . '(' Expr ')' ',' ID ')'

    '('  shift, and go to state 107


state 86

   34 Stat: WHILE Expr DO . Stat

    BEG      shift, and go to state 22
    IF       shift, and go to state 33
    REPEAT   shift, and go to state 34
    VAL      shift, and go to state 35
    WHILE    shift, and go to state 36
    WRITELN  shift, and go to state 37
    ID       shift, and go to state 38

    $default  reduce using rule 41 (optStat2)

    CompStat  go to state 39
    Stat      go to state 108
    optStat2  go to state 42


state 87

   44 optWritelnPList: STRING .

    $default  reduce using rule 44 (optWritelnPList)


state 88

   42 WritelnPList: '(' optWritelnPList . WritelnPList2 ')'

    ','  shift, and go to state 109

    $default  reduce using rule 46 (WritelnPList2)

    WritelnPList2  go to state 110


state 89

   43 optWritelnPList: Expr .
   47 Expr: Expr . AND Expr
   48     | Expr . OR Expr
   49     | Expr . OP2 Expr
   50     | Expr . OP3 Expr
   51     | Expr . OP4 Expr

    OR   shift, and go to state 78
    OP3  shift, and go to state 79
    AND  shift, and go to state 80
    OP4  shift, and go to state 81
    OP2  shift, and go to state 83

    $default  reduce using rule 43 (optWritelnPList)


state 90

   40 optStat2: ID ASSIGN Expr .
   47 Expr: Expr . AND Expr
   48     | Expr . OR Expr
   49     | Expr . OP2 Expr
   50     | Expr . OP3 Expr
   51     | Expr . OP4 Expr

    OR   shift, and go to state 78
    OP3  shift, and go to state 79
    AND  shift, and go to state 80
    OP4  shift, and go to state 81
    OP2  shift, and go to state 83

    $default  reduce using rule 40 (optStat2)


state 91

   29 Stat2: ';' Stat . Stat2

    ';'  shift, and go to state 63

    $default  reduce using rule 30 (Stat2)

    Stat2  go to state 111


state 92

   24 FormalParams: VAR . IDList ':' ID

    ID  shift, and go to state 12

    IDList  go to state 112


state 93

   23 FormalParams: IDList . ':' ID

    ':'  shift, and go to state 113


state 94

   20 FormalParamList: '(' FormalParams . FormalParamListaux ')'

    ';'  shift, and go to state 114

    $default  reduce using rule 22 (FormalParamListaux)

    FormalParamListaux  go to state 115


state 95

   17 FuncHeading: FUNCTION ID ':' ID .

    $default  reduce using rule 17 (FuncHeading)


state 96

   18 FuncHeading: FUNCTION ID FormalParamList ':' . ID

    ID  shift, and go to state 116


state 97

   25 FuncBlock: VarPart StatPart .

    $default  reduce using rule 25 (FuncBlock)


state 98

   47 Expr: Expr . AND Expr
   48     | Expr . OR Expr
   49     | Expr . OP2 Expr
   50     | Expr . OP3 Expr
   51     | Expr . OP4 Expr
   59 ParamList: '(' Expr . repParamList ')'

    OR   shift, and go to state 78
    OP3  shift, and go to state 79
    AND  shift, and go to state 80
    OP4  shift, and go to state 81
    OP2  shift, and go to state 83
    ','  shift, and go to state 117

    $default  reduce using rule 61 (repParamList)

    repParamList  go to state 118


state 99

   54 Expr: '(' Expr ')' .

    $default  reduce using rule 54 (Expr)


state 100

   47 Expr: Expr . AND Expr
   48     | Expr . OR Expr
   48     | Expr OR Expr .
   49     | Expr . OP2 Expr
   50     | Expr . OP3 Expr
   51     | Expr . OP4 Expr

    AND  shift, and go to state 80
    OP4  shift, and go to state 81
    OP2  shift, and go to state 83

    $default  reduce using rule 48 (Expr)


state 101

   47 Expr: Expr . AND Expr
   48     | Expr . OR Expr
   49     | Expr . OP2 Expr
   50     | Expr . OP3 Expr
   50     | Expr OP3 Expr .
   51     | Expr . OP4 Expr

    AND  shift, and go to state 80
    OP4  shift, and go to state 81
    OP2  shift, and go to state 83

    $default  reduce using rule 50 (Expr)


state 102

   47 Expr: Expr . AND Expr
   47     | Expr AND Expr .
   48     | Expr . OR Expr
   49     | Expr . OP2 Expr
   50     | Expr . OP3 Expr
   51     | Expr . OP4 Expr

    OP2  shift, and go to state 83

    $default  reduce using rule 47 (Expr)


state 103

   47 Expr: Expr . AND Expr
   48     | Expr . OR Expr
   49     | Expr . OP2 Expr
   50     | Expr . OP3 Expr
   51     | Expr . OP4 Expr
   51     | Expr OP4 Expr .

    OP2  shift, and go to state 83

    $default  reduce using rule 51 (Expr)


state 104

   32 Stat: IF Expr THEN Stat .
   33     | IF Expr THEN Stat . ELSE Stat

    ELSE  shift, and go to state 119

    $default  reduce using rule 32 (Stat)


state 105

   47 Expr: Expr . AND Expr
   48     | Expr . OR Expr
   49     | Expr . OP2 Expr
   49     | Expr OP2 Expr .
   50     | Expr . OP3 Expr
   51     | Expr . OP4 Expr

    OP2  error (nonassociative)

    $default  reduce using rule 49 (Expr)


state 106

   35 Stat: REPEAT StatList UNTIL Expr .
   47 Expr: Expr . AND Expr
   48     | Expr . OR Expr
   49     | Expr . OP2 Expr
   50     | Expr . OP3 Expr
   51     | Expr . OP4 Expr

    OR   shift, and go to state 78
    OP3  shift, and go to state 79
    AND  shift, and go to state 80
    OP4  shift, and go to state 81
    OP2  shift, and go to state 83

    $default  reduce using rule 35 (Stat)


state 107

   36 Stat: VAL '(' PARAMSTR '(' . Expr ')' ',' ID ')'

    OP3      shift, and go to state 49
    NOT      shift, and go to state 50
    ID       shift, and go to state 51
    INTLIT   shift, and go to state 52
    REALLIT  shift, and go to state 53
    '('      shift, and go to state 54

    Expr  go to state 120


state 108

   34 Stat: WHILE Expr DO Stat .

    $default  reduce using rule 34 (Stat)


state 109

   45 WritelnPList2: ',' . optWritelnPList WritelnPList2

    OP3      shift, and go to state 49
    NOT      shift, and go to state 50
    ID       shift, and go to state 51
    INTLIT   shift, and go to state 52
    REALLIT  shift, and go to state 53
    STRING   shift, and go to state 87
    '('      shift, and go to state 54

    optWritelnPList  go to state 121
    Expr             go to state 89


state 110

   42 WritelnPList: '(' optWritelnPList WritelnPList2 . ')'

    ')'  shift, and go to state 122


state 111

   29 Stat2: ';' Stat Stat2 .

    $default  reduce using rule 29 (Stat2)


state 112

   24 FormalParams: VAR IDList . ':' ID

    ':'  shift, and go to state 123


state 113

   23 FormalParams: IDList ':' . ID

    ID  shift, and go to state 124


state 114

   21 FormalParamListaux: ';' . FormalParams FormalParamListaux

    VAR  shift, and go to state 92
    ID   shift, and go to state 12

    IDList        go to state 93
    FormalParams  go to state 125


state 115

   20 FormalParamList: '(' FormalParams FormalParamListaux . ')'

    ')'  shift, and go to state 126


state 116

   18 FuncHeading: FUNCTION ID FormalParamList ':' ID .

    $default  reduce using rule 18 (FuncHeading)


state 117

   60 repParamList: ',' . Expr repParamList

    OP3      shift, and go to state 49
    NOT      shift, and go to state 50
    ID       shift, and go to state 51
    INTLIT   shift, and go to state 52
    REALLIT  shift, and go to state 53
    '('      shift, and go to state 54

    Expr  go to state 127


state 118

   59 ParamList: '(' Expr repParamList . ')'

    ')'  shift, and go to state 128


state 119

   33 Stat: IF Expr THEN Stat ELSE . Stat

    BEG      shift, and go to state 22
    IF       shift, and go to state 33
    REPEAT   shift, and go to state 34
    VAL      shift, and go to state 35
    WHILE    shift, and go to state 36
    WRITELN  shift, and go to state 37
    ID       shift, and go to state 38

    $default  reduce using rule 41 (optStat2)

    CompStat  go to state 39
    Stat      go to state 129
    optStat2  go to state 42


state 120

   36 Stat: VAL '(' PARAMSTR '(' Expr . ')' ',' ID ')'
   47 Expr: Expr . AND Expr
   48     | Expr . OR Expr
   49     | Expr . OP2 Expr
   50     | Expr . OP3 Expr
   51     | Expr . OP4 Expr

    OR   shift, and go to state 78
    OP3  shift, and go to state 79
    AND  shift, and go to state 80
    OP4  shift, and go to state 81
    OP2  shift, and go to state 83
    ')'  shift, and go to state 130


state 121

   45 WritelnPList2: ',' optWritelnPList . WritelnPList2

    ','  shift, and go to state 109

    $default  reduce using rule 46 (WritelnPList2)

    WritelnPList2  go to state 131


state 122

   42 WritelnPList: '(' optWritelnPList WritelnPList2 ')' .

    $default  reduce using rule 42 (WritelnPList)


state 123

   24 FormalParams: VAR IDList ':' . ID

    ID  shift, and go to state 132


state 124

   23 FormalParams: IDList ':' ID .

    $default  reduce using rule 23 (FormalParams)


state 125

   21 FormalParamListaux: ';' FormalParams . FormalParamListaux

    ';'  shift, and go to state 114

    $default  reduce using rule 22 (FormalParamListaux)

    FormalParamListaux  go to state 133


state 126

   20 FormalParamList: '(' FormalParams FormalParamListaux ')' .

    $default  reduce using rule 20 (FormalParamList)


state 127

   47 Expr: Expr . AND Expr
   48     | Expr . OR Expr
   49     | Expr . OP2 Expr
   50     | Expr . OP3 Expr
   51     | Expr . OP4 Expr
   60 repParamList: ',' Expr . repParamList

    OR   shift, and go to state 78
    OP3  shift, and go to state 79
    AND  shift, and go to state 80
    OP4  shift, and go to state 81
    OP2  shift, and go to state 83
    ','  shift, and go to state 117

    $default  reduce using rule 61 (repParamList)

    repParamList  go to state 134


state 128

   59 ParamList: '(' Expr repParamList ')' .

    $default  reduce using rule 59 (ParamList)


state 129

   33 Stat: IF Expr THEN Stat ELSE Stat .

    $default  reduce using rule 33 (Stat)


state 130

   36 Stat: VAL '(' PARAMSTR '(' Expr ')' . ',' ID ')'

    ','  shift, and go to state 135


state 131

   45 WritelnPList2: ',' optWritelnPList WritelnPList2 .

    $default  reduce using rule 45 (WritelnPList2)


state 132

   24 FormalParams: VAR IDList ':' ID .

    $default  reduce using rule 24 (FormalParams)


state 133

   21 FormalParamListaux: ';' FormalParams FormalParamListaux .

    $default  reduce using rule 21 (FormalParamListaux)


state 134

   60 repParamList: ',' Expr repParamList .

    $default  reduce using rule 60 (repParamList)


state 135

   36 Stat: VAL '(' PARAMSTR '(' Expr ')' ',' . ID ')'

    ID  shift, and go to state 136


state 136

   36 Stat: VAL '(' PARAMSTR '(' Expr ')' ',' ID . ')'

    ')'  shift, and go to state 137


state 137

   36 Stat: VAL '(' PARAMSTR '(' Expr ')' ',' ID ')' .

    $default  reduce using rule 36 (Stat)
